<?xml version="1.0" encoding="UTF-8"?>
<!-- Generated by org.testng.reporters.JUnitReportReporter -->
<testsuite hostname="DESKTOP-4KGSMF3" failures="0" tests="1" name="com.ecommerce.qa.testcases.JupiterTestCase1" time="29.010" errors="0" timestamp="10 Jun 2022 10:35:46 GMT" skipped="0">
  <testcase classname="com.ecommerce.qa.testcases.JupiterTestCase1" name="jupiterContactTest" time="29.010"/>
</testsuite> <!-- com.ecommerce.qa.testcases.JupiterTestCase1 -->
