<?xml version="1.0" encoding="UTF-8"?>
<!-- Generated by org.testng.reporters.JUnitReportReporter -->
<testsuite hostname="DESKTOP-4KGSMF3" failures="0" tests="1" name="com.ecommerce.qa.testcases.JupiterTestCase3" time="7.698" errors="0" timestamp="22 May 2022 08:55:42 GMT" skipped="0">
  <testcase classname="com.ecommerce.qa.testcases.JupiterTestCase3" name="jupiterContactTest" time="7.698"/>
</testsuite> <!-- com.ecommerce.qa.testcases.JupiterTestCase3 -->
